INFO [2019-03-23 19:06:46] [[1]]
INFO [2019-03-23 19:06:46] list(B = 1:1800, A = 1571:2020)
INFO [2019-03-23 19:06:46] 
INFO [2019-03-23 19:06:46] $fill
INFO [2019-03-23 19:06:46] c("red", "green")
INFO [2019-03-23 19:06:46] 
INFO [2019-03-23 19:06:46] $alpha
INFO [2019-03-23 19:06:46] c(0.5, 0.5)
INFO [2019-03-23 19:06:46] 
INFO [2019-03-23 19:06:46] $cex
INFO [2019-03-23 19:06:46] [1] 2
INFO [2019-03-23 19:06:46] 
INFO [2019-03-23 19:06:46] $cat.fontface
INFO [2019-03-23 19:06:46] [1] 4
INFO [2019-03-23 19:06:46] 
INFO [2019-03-23 19:06:46] $lty
INFO [2019-03-23 19:06:46] [1] 2
INFO [2019-03-23 19:06:46] 
INFO [2019-03-23 19:06:46] $fontfamily
INFO [2019-03-23 19:06:46] [1] 3
INFO [2019-03-23 19:06:46] 
INFO [2019-03-23 19:06:46] $filename
INFO [2019-03-23 19:06:46] NULL
INFO [2019-03-23 19:06:46] 
