INFO [2019-03-23 19:07:06] [[1]]
INFO [2019-03-23 19:07:06] list(B = 1:1800, A = 1571:2020)
INFO [2019-03-23 19:07:06] 
INFO [2019-03-23 19:07:06] $fill
INFO [2019-03-23 19:07:06] c("red", "green")
INFO [2019-03-23 19:07:06] 
INFO [2019-03-23 19:07:06] $alpha
INFO [2019-03-23 19:07:06] c(0.5, 0.5)
INFO [2019-03-23 19:07:06] 
INFO [2019-03-23 19:07:06] $cex
INFO [2019-03-23 19:07:06] [1] 2
INFO [2019-03-23 19:07:06] 
INFO [2019-03-23 19:07:06] $lty
INFO [2019-03-23 19:07:06] [1] 2
INFO [2019-03-23 19:07:06] 
INFO [2019-03-23 19:07:06] $fontfamily
INFO [2019-03-23 19:07:06] [1] 3
INFO [2019-03-23 19:07:06] 
INFO [2019-03-23 19:07:06] $filename
INFO [2019-03-23 19:07:06] NULL
INFO [2019-03-23 19:07:06] 
