INFO [2019-03-23 19:07:21] [[1]]
INFO [2019-03-23 19:07:21] list(B = 1:1800, A = 1571:2020)
INFO [2019-03-23 19:07:21] 
INFO [2019-03-23 19:07:21] $fill
INFO [2019-03-23 19:07:21] c("red", "green")
INFO [2019-03-23 19:07:21] 
INFO [2019-03-23 19:07:21] $alpha
INFO [2019-03-23 19:07:21] c(0.5, 0.5)
INFO [2019-03-23 19:07:21] 
INFO [2019-03-23 19:07:21] $cex
INFO [2019-03-23 19:07:21] [1] 2
INFO [2019-03-23 19:07:21] 
INFO [2019-03-23 19:07:21] $cat.fontface
INFO [2019-03-23 19:07:21] [1] 4
INFO [2019-03-23 19:07:21] 
INFO [2019-03-23 19:07:21] $lty
INFO [2019-03-23 19:07:21] [1] 2
INFO [2019-03-23 19:07:21] 
INFO [2019-03-23 19:07:21] $filename
INFO [2019-03-23 19:07:21] NULL
INFO [2019-03-23 19:07:21] 
