INFO [2019-03-23 19:07:33] [[1]]
INFO [2019-03-23 19:07:33] list(B = 1:1800, A = 1571:2020)
INFO [2019-03-23 19:07:33] 
INFO [2019-03-23 19:07:33] $fill
INFO [2019-03-23 19:07:33] c("red", "green")
INFO [2019-03-23 19:07:33] 
INFO [2019-03-23 19:07:33] $alpha
INFO [2019-03-23 19:07:33] c(0.5, 0.5)
INFO [2019-03-23 19:07:33] 
INFO [2019-03-23 19:07:33] $cex
INFO [2019-03-23 19:07:33] [1] 2
INFO [2019-03-23 19:07:33] 
INFO [2019-03-23 19:07:33] $cat.fontface
INFO [2019-03-23 19:07:33] [1] 4
INFO [2019-03-23 19:07:33] 
INFO [2019-03-23 19:07:33] $lty
INFO [2019-03-23 19:07:33] [1] 2
INFO [2019-03-23 19:07:33] 
INFO [2019-03-23 19:07:33] $filename
INFO [2019-03-23 19:07:33] NULL
INFO [2019-03-23 19:07:33] 
